{"C:\\Users\\diogo\\Documents\\project\\easy-logic\\src\\App.css": {"path":"C:\\Users\\diogo\\Documents\\project\\easy-logic\\src\\App.css","statementMap":{},"fnMap":{},"branchMap":{},"s":{},"f":{},"b":{},"meta":{"lastBranch":0,"lastFunction":0,"lastStatement":0,"seen":{}}}
,"C:\\Users\\diogo\\Documents\\project\\easy-logic\\src\\App.tsx": {"path":"C:\\Users\\diogo\\Documents\\project\\easy-logic\\src\\App.tsx","statementMap":{"0":{"start":{"line":15,"column":30},"end":{"line":15,"column":null}},"1":{"start":{"line":17,"column":30},"end":{"line":27,"column":null}},"2":{"start":{"line":18,"column":10},"end":{"line":18,"column":null}},"3":{"start":{"line":19,"column":4},"end":{"line":26,"column":null}},"4":{"start":{"line":29,"column":29},"end":{"line":31,"column":null}},"5":{"start":{"line":30,"column":4},"end":{"line":30,"column":null}},"6":{"start":{"line":33,"column":2},"end":{"line":56,"column":null}},"7":{"start":{"line":47,"column":12},"end":{"line":52,"column":null}}},"fnMap":{"0":{"name":"App","decl":{"start":{"line":14,"column":9},"end":{"line":14,"column":15}},"loc":{"start":{"line":14,"column":15},"end":{"line":58,"column":null}},"line":14},"1":{"name":"(anonymous_1)","decl":{"start":{"line":17,"column":30},"end":{"line":17,"column":31}},"loc":{"start":{"line":17,"column":51},"end":{"line":27,"column":null}},"line":17},"2":{"name":"(anonymous_2)","decl":{"start":{"line":29,"column":29},"end":{"line":29,"column":30}},"loc":{"start":{"line":29,"column":50},"end":{"line":31,"column":null}},"line":29},"3":{"name":"(anonymous_3)","decl":{"start":{"line":46,"column":24},"end":{"line":46,"column":25}},"loc":{"start":{"line":47,"column":12},"end":{"line":52,"column":null}},"line":47}},"branchMap":{},"s":{"0":20,"1":20,"2":10,"3":10,"4":20,"5":0,"6":20,"7":12},"f":{"0":20,"1":10,"2":0,"3":12},"b":{},"meta":{"lastBranch":0,"lastFunction":4,"lastStatement":8,"seen":{"f:14:9:14:15":0,"s:15:30:15:Infinity":0,"s:17:30:27:Infinity":1,"f:17:30:17:31":1,"s:18:10:18:Infinity":2,"s:19:4:26:Infinity":3,"s:29:29:31:Infinity":4,"f:29:29:29:30":2,"s:30:4:30:Infinity":5,"s:33:2:56:Infinity":6,"f:46:24:46:25":3,"s:47:12:52:Infinity":7}}}
,"C:\\Users\\diogo\\Documents\\project\\easy-logic\\src\\components\\ExamplesSidebar.tsx": {"path":"C:\\Users\\diogo\\Documents\\project\\easy-logic\\src\\components\\ExamplesSidebar.tsx","statementMap":{"0":{"start":{"line":8,"column":2},"end":{"line":25,"column":null}},"1":{"start":{"line":13,"column":10},"end":{"line":22,"column":null}},"2":{"start":{"line":16,"column":27},"end":{"line":16,"column":null}}},"fnMap":{"0":{"name":"ExamplesSidebar","decl":{"start":{"line":7,"column":16},"end":{"line":7,"column":32}},"loc":{"start":{"line":7,"column":74},"end":{"line":27,"column":null}},"line":7},"1":{"name":"(anonymous_1)","decl":{"start":{"line":12,"column":22},"end":{"line":12,"column":23}},"loc":{"start":{"line":13,"column":10},"end":{"line":22,"column":null}},"line":13},"2":{"name":"(anonymous_2)","decl":{"start":{"line":16,"column":21},"end":{"line":16,"column":27}},"loc":{"start":{"line":16,"column":27},"end":{"line":16,"column":null}},"line":16}},"branchMap":{},"s":{"0":29,"1":406,"2":3},"f":{"0":29,"1":406,"2":3},"b":{},"meta":{"lastBranch":0,"lastFunction":3,"lastStatement":3,"seen":{"f:7:16:7:32":0,"s:8:2:25:Infinity":0,"f:12:22:12:23":1,"s:13:10:22:Infinity":1,"f:16:21:16:27":2,"s:16:27:16:Infinity":2}}}
,"C:\\Users\\diogo\\Documents\\project\\easy-logic\\src\\components\\FormulaDisplay.tsx": {"path":"C:\\Users\\diogo\\Documents\\project\\easy-logic\\src\\components\\FormulaDisplay.tsx","statementMap":{"0":{"start":{"line":10,"column":2},"end":{"line":16,"column":null}},"1":{"start":{"line":11,"column":4},"end":{"line":14,"column":null}},"2":{"start":{"line":18,"column":2},"end":{"line":20,"column":null}},"3":{"start":{"line":19,"column":4},"end":{"line":19,"column":null}},"4":{"start":{"line":22,"column":2},"end":{"line":25,"column":null}}},"fnMap":{"0":{"name":"FormulaDisplay","decl":{"start":{"line":9,"column":16},"end":{"line":9,"column":31}},"loc":{"start":{"line":9,"column":70},"end":{"line":27,"column":null}},"line":9}},"branchMap":{"0":{"loc":{"start":{"line":10,"column":2},"end":{"line":16,"column":null}},"type":"if","locations":[{"start":{"line":10,"column":2},"end":{"line":16,"column":null}},{"start":{},"end":{}}],"line":10},"1":{"loc":{"start":{"line":18,"column":2},"end":{"line":20,"column":null}},"type":"if","locations":[{"start":{"line":18,"column":2},"end":{"line":20,"column":null}},{"start":{},"end":{}}],"line":18}},"s":{"0":23,"1":6,"2":17,"3":1,"4":16},"f":{"0":23},"b":{"0":[6,17],"1":[1,16]},"meta":{"lastBranch":2,"lastFunction":1,"lastStatement":5,"seen":{"f:9:16:9:31":0,"b:10:2:16:Infinity:undefined:undefined:undefined:undefined":0,"s:10:2:16:Infinity":0,"s:11:4:14:Infinity":1,"b:18:2:20:Infinity:undefined:undefined:undefined:undefined":1,"s:18:2:20:Infinity":2,"s:19:4:19:Infinity":3,"s:22:2:25:Infinity":4}}}
,"C:\\Users\\diogo\\Documents\\project\\easy-logic\\src\\components\\FormulaInput.tsx": {"path":"C:\\Users\\diogo\\Documents\\project\\easy-logic\\src\\components\\FormulaInput.tsx","statementMap":{"0":{"start":{"line":8,"column":24},"end":{"line":8,"column":null}},"1":{"start":{"line":10,"column":25},"end":{"line":17,"column":null}},"2":{"start":{"line":11,"column":4},"end":{"line":16,"column":null}},"3":{"start":{"line":12,"column":6},"end":{"line":15,"column":null}},"4":{"start":{"line":13,"column":8},"end":{"line":13,"column":null}},"5":{"start":{"line":14,"column":8},"end":{"line":14,"column":null}},"6":{"start":{"line":19,"column":2},"end":{"line":34,"column":null}},"7":{"start":{"line":26,"column":25},"end":{"line":26,"column":null}}},"fnMap":{"0":{"name":"FormulaInput","decl":{"start":{"line":7,"column":16},"end":{"line":7,"column":29}},"loc":{"start":{"line":7,"column":62},"end":{"line":36,"column":null}},"line":7},"1":{"name":"(anonymous_1)","decl":{"start":{"line":10,"column":25},"end":{"line":10,"column":26}},"loc":{"start":{"line":10,"column":71},"end":{"line":17,"column":null}},"line":10},"2":{"name":"(anonymous_2)","decl":{"start":{"line":26,"column":18},"end":{"line":26,"column":19}},"loc":{"start":{"line":26,"column":25},"end":{"line":26,"column":null}},"line":26}},"branchMap":{"0":{"loc":{"start":{"line":11,"column":4},"end":{"line":16,"column":null}},"type":"if","locations":[{"start":{"line":11,"column":4},"end":{"line":16,"column":null}},{"start":{},"end":{}}],"line":11},"1":{"loc":{"start":{"line":12,"column":6},"end":{"line":15,"column":null}},"type":"if","locations":[{"start":{"line":12,"column":6},"end":{"line":15,"column":null}},{"start":{},"end":{}}],"line":12}},"s":{"0":123,"1":123,"2":104,"3":15,"4":14,"5":14,"6":123,"7":89},"f":{"0":123,"1":104,"2":89},"b":{"0":[15,89],"1":[14,1]},"meta":{"lastBranch":2,"lastFunction":3,"lastStatement":8,"seen":{"f:7:16:7:29":0,"s:8:24:8:Infinity":0,"s:10:25:17:Infinity":1,"f:10:25:10:26":1,"b:11:4:16:Infinity:undefined:undefined:undefined:undefined":0,"s:11:4:16:Infinity":2,"b:12:6:15:Infinity:undefined:undefined:undefined:undefined":1,"s:12:6:15:Infinity":3,"s:13:8:13:Infinity":4,"s:14:8:14:Infinity":5,"s:19:2:34:Infinity":6,"f:26:18:26:19":2,"s:26:25:26:Infinity":7}}}
,"C:\\Users\\diogo\\Documents\\project\\easy-logic\\src\\constants\\examples.ts": {"path":"C:\\Users\\diogo\\Documents\\project\\easy-logic\\src\\constants\\examples.ts","statementMap":{"0":{"start":{"line":7,"column":35},"end":{"line":78,"column":null}}},"fnMap":{},"branchMap":{},"s":{"0":2},"f":{},"b":{},"meta":{"lastBranch":0,"lastFunction":0,"lastStatement":1,"seen":{"s:7:35:78:Infinity":0}}}
,"C:\\Users\\diogo\\Documents\\project\\easy-logic\\src\\utils\\formulaParser.ts": {"path":"C:\\Users\\diogo\\Documents\\project\\easy-logic\\src\\utils\\formulaParser.ts","statementMap":{"0":{"start":{"line":32,"column":4},"end":{"line":32,"column":null}},"1":{"start":{"line":33,"column":4},"end":{"line":33,"column":null}},"2":{"start":{"line":37,"column":4},"end":{"line":37,"column":null}},"3":{"start":{"line":37,"column":39},"end":{"line":37,"column":null}},"4":{"start":{"line":38,"column":4},"end":{"line":38,"column":null}},"5":{"start":{"line":42,"column":4},"end":{"line":42,"column":null}},"6":{"start":{"line":42,"column":43},"end":{"line":42,"column":null}},"7":{"start":{"line":43,"column":4},"end":{"line":43,"column":null}},"8":{"start":{"line":47,"column":4},"end":{"line":47,"column":null}},"9":{"start":{"line":51,"column":4},"end":{"line":53,"column":null}},"10":{"start":{"line":52,"column":6},"end":{"line":52,"column":null}},"11":{"start":{"line":57,"column":4},"end":{"line":57,"column":null}},"12":{"start":{"line":59,"column":15},"end":{"line":59,"column":null}},"13":{"start":{"line":61,"column":4},"end":{"line":63,"column":null}},"14":{"start":{"line":62,"column":6},"end":{"line":62,"column":null}},"15":{"start":{"line":65,"column":4},"end":{"line":68,"column":null}},"16":{"start":{"line":66,"column":6},"end":{"line":66,"column":null}},"17":{"start":{"line":67,"column":6},"end":{"line":67,"column":null}},"18":{"start":{"line":70,"column":4},"end":{"line":73,"column":null}},"19":{"start":{"line":71,"column":6},"end":{"line":71,"column":null}},"20":{"start":{"line":72,"column":6},"end":{"line":72,"column":null}},"21":{"start":{"line":75,"column":4},"end":{"line":78,"column":null}},"22":{"start":{"line":76,"column":6},"end":{"line":76,"column":null}},"23":{"start":{"line":77,"column":6},"end":{"line":77,"column":null}},"24":{"start":{"line":80,"column":4},"end":{"line":83,"column":null}},"25":{"start":{"line":81,"column":6},"end":{"line":81,"column":null}},"26":{"start":{"line":82,"column":6},"end":{"line":82,"column":null}},"27":{"start":{"line":85,"column":4},"end":{"line":88,"column":null}},"28":{"start":{"line":86,"column":6},"end":{"line":86,"column":null}},"29":{"start":{"line":87,"column":6},"end":{"line":87,"column":null}},"30":{"start":{"line":90,"column":4},"end":{"line":94,"column":null}},"31":{"start":{"line":91,"column":6},"end":{"line":91,"column":null}},"32":{"start":{"line":92,"column":6},"end":{"line":92,"column":null}},"33":{"start":{"line":93,"column":6},"end":{"line":93,"column":null}},"34":{"start":{"line":96,"column":4},"end":{"line":104,"column":null}},"35":{"start":{"line":98,"column":6},"end":{"line":103,"column":null}},"36":{"start":{"line":99,"column":8},"end":{"line":99,"column":null}},"37":{"start":{"line":100,"column":8},"end":{"line":100,"column":null}},"38":{"start":{"line":101,"column":8},"end":{"line":101,"column":null}},"39":{"start":{"line":102,"column":8},"end":{"line":102,"column":null}},"40":{"start":{"line":106,"column":4},"end":{"line":109,"column":null}},"41":{"start":{"line":107,"column":6},"end":{"line":107,"column":null}},"42":{"start":{"line":108,"column":6},"end":{"line":108,"column":null}},"43":{"start":{"line":111,"column":4},"end":{"line":114,"column":null}},"44":{"start":{"line":112,"column":6},"end":{"line":112,"column":null}},"45":{"start":{"line":113,"column":6},"end":{"line":113,"column":null}},"46":{"start":{"line":117,"column":4},"end":{"line":124,"column":null}},"47":{"start":{"line":118,"column":21},"end":{"line":118,"column":null}},"48":{"start":{"line":119,"column":6},"end":{"line":122,"column":null}},"49":{"start":{"line":120,"column":8},"end":{"line":120,"column":null}},"50":{"start":{"line":121,"column":8},"end":{"line":121,"column":null}},"51":{"start":{"line":123,"column":6},"end":{"line":123,"column":null}},"52":{"start":{"line":126,"column":4},"end":{"line":126,"column":null}},"53":{"start":{"line":135,"column":4},"end":{"line":135,"column":null}},"54":{"start":{"line":136,"column":4},"end":{"line":136,"column":null}},"55":{"start":{"line":140,"column":4},"end":{"line":142,"column":null}},"56":{"start":{"line":141,"column":6},"end":{"line":141,"column":null}},"57":{"start":{"line":143,"column":4},"end":{"line":143,"column":null}},"58":{"start":{"line":147,"column":4},"end":{"line":147,"column":null}},"59":{"start":{"line":151,"column":18},"end":{"line":151,"column":null}},"60":{"start":{"line":152,"column":4},"end":{"line":154,"column":null}},"61":{"start":{"line":153,"column":6},"end":{"line":153,"column":null}},"62":{"start":{"line":155,"column":4},"end":{"line":155,"column":null}},"63":{"start":{"line":156,"column":4},"end":{"line":156,"column":null}},"64":{"start":{"line":160,"column":20},"end":{"line":160,"column":null}},"65":{"start":{"line":161,"column":4},"end":{"line":163,"column":null}},"66":{"start":{"line":162,"column":6},"end":{"line":162,"column":null}},"67":{"start":{"line":164,"column":4},"end":{"line":164,"column":null}},"68":{"start":{"line":168,"column":15},"end":{"line":168,"column":null}},"69":{"start":{"line":170,"column":4},"end":{"line":178,"column":null}},"70":{"start":{"line":171,"column":6},"end":{"line":171,"column":null}},"71":{"start":{"line":172,"column":20},"end":{"line":172,"column":null}},"72":{"start":{"line":173,"column":6},"end":{"line":177,"column":null}},"73":{"start":{"line":180,"column":4},"end":{"line":180,"column":null}},"74":{"start":{"line":184,"column":15},"end":{"line":184,"column":null}},"75":{"start":{"line":186,"column":4},"end":{"line":194,"column":null}},"76":{"start":{"line":187,"column":6},"end":{"line":187,"column":null}},"77":{"start":{"line":188,"column":20},"end":{"line":188,"column":null}},"78":{"start":{"line":189,"column":6},"end":{"line":193,"column":null}},"79":{"start":{"line":196,"column":4},"end":{"line":196,"column":null}},"80":{"start":{"line":200,"column":15},"end":{"line":200,"column":null}},"81":{"start":{"line":202,"column":4},"end":{"line":210,"column":null}},"82":{"start":{"line":203,"column":6},"end":{"line":203,"column":null}},"83":{"start":{"line":204,"column":20},"end":{"line":204,"column":null}},"84":{"start":{"line":205,"column":6},"end":{"line":209,"column":null}},"85":{"start":{"line":212,"column":4},"end":{"line":212,"column":null}},"86":{"start":{"line":216,"column":15},"end":{"line":216,"column":null}},"87":{"start":{"line":218,"column":4},"end":{"line":226,"column":null}},"88":{"start":{"line":219,"column":6},"end":{"line":219,"column":null}},"89":{"start":{"line":220,"column":20},"end":{"line":220,"column":null}},"90":{"start":{"line":221,"column":6},"end":{"line":225,"column":null}},"91":{"start":{"line":228,"column":4},"end":{"line":228,"column":null}},"92":{"start":{"line":232,"column":4},"end":{"line":239,"column":null}},"93":{"start":{"line":233,"column":6},"end":{"line":233,"column":null}},"94":{"start":{"line":234,"column":22},"end":{"line":234,"column":null}},"95":{"start":{"line":235,"column":6},"end":{"line":238,"column":null}},"96":{"start":{"line":241,"column":4},"end":{"line":241,"column":null}},"97":{"start":{"line":245,"column":18},"end":{"line":245,"column":null}},"98":{"start":{"line":247,"column":4},"end":{"line":250,"column":null}},"99":{"start":{"line":248,"column":6},"end":{"line":248,"column":null}},"100":{"start":{"line":249,"column":6},"end":{"line":249,"column":null}},"101":{"start":{"line":252,"column":4},"end":{"line":255,"column":null}},"102":{"start":{"line":253,"column":6},"end":{"line":253,"column":null}},"103":{"start":{"line":254,"column":6},"end":{"line":254,"column":null}},"104":{"start":{"line":257,"column":4},"end":{"line":260,"column":null}},"105":{"start":{"line":258,"column":6},"end":{"line":258,"column":null}},"106":{"start":{"line":259,"column":6},"end":{"line":259,"column":null}},"107":{"start":{"line":262,"column":4},"end":{"line":267,"column":null}},"108":{"start":{"line":263,"column":6},"end":{"line":263,"column":null}},"109":{"start":{"line":264,"column":22},"end":{"line":264,"column":null}},"110":{"start":{"line":265,"column":6},"end":{"line":265,"column":null}},"111":{"start":{"line":266,"column":6},"end":{"line":266,"column":null}},"112":{"start":{"line":269,"column":4},"end":{"line":269,"column":null}},"113":{"start":{"line":274,"column":2},"end":{"line":301,"column":null}},"114":{"start":{"line":276,"column":6},"end":{"line":276,"column":null}},"115":{"start":{"line":279,"column":6},"end":{"line":279,"column":null}},"116":{"start":{"line":282,"column":6},"end":{"line":282,"column":null}},"117":{"start":{"line":285,"column":6},"end":{"line":285,"column":null}},"118":{"start":{"line":288,"column":6},"end":{"line":288,"column":null}},"119":{"start":{"line":291,"column":6},"end":{"line":291,"column":null}},"120":{"start":{"line":294,"column":6},"end":{"line":294,"column":null}},"121":{"start":{"line":297,"column":6},"end":{"line":297,"column":null}},"122":{"start":{"line":300,"column":6},"end":{"line":300,"column":null}},"123":{"start":{"line":305,"column":2},"end":{"line":325,"column":null}},"124":{"start":{"line":306,"column":22},"end":{"line":306,"column":null}},"125":{"start":{"line":307,"column":28},"end":{"line":307,"column":null}},"126":{"start":{"line":310,"column":4},"end":{"line":313,"column":null}},"127":{"start":{"line":311,"column":6},"end":{"line":311,"column":null}},"128":{"start":{"line":312,"column":6},"end":{"line":312,"column":null}},"129":{"start":{"line":315,"column":19},"end":{"line":315,"column":null}},"130":{"start":{"line":316,"column":20},"end":{"line":316,"column":null}},"131":{"start":{"line":317,"column":18},"end":{"line":317,"column":null}},"132":{"start":{"line":319,"column":4},"end":{"line":319,"column":null}},"133":{"start":{"line":321,"column":4},"end":{"line":324,"column":null}}},"fnMap":{"0":{"name":"(anonymous_0)","decl":{"start":{"line":31,"column":2},"end":{"line":31,"column":14}},"loc":{"start":{"line":31,"column":29},"end":{"line":34,"column":null}},"line":31},"1":{"name":"(anonymous_1)","decl":{"start":{"line":36,"column":10},"end":{"line":36,"column":32}},"loc":{"start":{"line":36,"column":32},"end":{"line":39,"column":null}},"line":36},"2":{"name":"(anonymous_2)","decl":{"start":{"line":41,"column":10},"end":{"line":41,"column":35}},"loc":{"start":{"line":41,"column":35},"end":{"line":44,"column":null}},"line":41},"3":{"name":"(anonymous_3)","decl":{"start":{"line":46,"column":10},"end":{"line":46,"column":26}},"loc":{"start":{"line":46,"column":26},"end":{"line":48,"column":null}},"line":46},"4":{"name":"(anonymous_4)","decl":{"start":{"line":50,"column":10},"end":{"line":50,"column":33}},"loc":{"start":{"line":50,"column":33},"end":{"line":54,"column":null}},"line":50},"5":{"name":"(anonymous_5)","decl":{"start":{"line":56,"column":2},"end":{"line":56,"column":21}},"loc":{"start":{"line":56,"column":21},"end":{"line":127,"column":null}},"line":56},"6":{"name":"(anonymous_6)","decl":{"start":{"line":134,"column":2},"end":{"line":134,"column":14}},"loc":{"start":{"line":134,"column":31},"end":{"line":137,"column":null}},"line":134},"7":{"name":"(anonymous_7)","decl":{"start":{"line":139,"column":10},"end":{"line":139,"column":27}},"loc":{"start":{"line":139,"column":27},"end":{"line":144,"column":null}},"line":139},"8":{"name":"(anonymous_8)","decl":{"start":{"line":146,"column":10},"end":{"line":146,"column":26}},"loc":{"start":{"line":146,"column":26},"end":{"line":148,"column":null}},"line":146},"9":{"name":"(anonymous_9)","decl":{"start":{"line":150,"column":10},"end":{"line":150,"column":17}},"loc":{"start":{"line":150,"column":45},"end":{"line":157,"column":null}},"line":150},"10":{"name":"(anonymous_10)","decl":{"start":{"line":159,"column":2},"end":{"line":159,"column":19}},"loc":{"start":{"line":159,"column":19},"end":{"line":165,"column":null}},"line":159},"11":{"name":"(anonymous_11)","decl":{"start":{"line":167,"column":10},"end":{"line":167,"column":30}},"loc":{"start":{"line":167,"column":30},"end":{"line":181,"column":null}},"line":167},"12":{"name":"(anonymous_12)","decl":{"start":{"line":183,"column":10},"end":{"line":183,"column":34}},"loc":{"start":{"line":183,"column":34},"end":{"line":197,"column":null}},"line":183},"13":{"name":"(anonymous_13)","decl":{"start":{"line":199,"column":10},"end":{"line":199,"column":29}},"loc":{"start":{"line":199,"column":29},"end":{"line":213,"column":null}},"line":199},"14":{"name":"(anonymous_14)","decl":{"start":{"line":215,"column":10},"end":{"line":215,"column":30}},"loc":{"start":{"line":215,"column":30},"end":{"line":229,"column":null}},"line":215},"15":{"name":"(anonymous_15)","decl":{"start":{"line":231,"column":10},"end":{"line":231,"column":30}},"loc":{"start":{"line":231,"column":30},"end":{"line":242,"column":null}},"line":231},"16":{"name":"(anonymous_16)","decl":{"start":{"line":244,"column":10},"end":{"line":244,"column":34}},"loc":{"start":{"line":244,"column":34},"end":{"line":270,"column":null}},"line":244},"17":{"name":"formulaToLatex","decl":{"start":{"line":273,"column":9},"end":{"line":273,"column":24}},"loc":{"start":{"line":273,"column":50},"end":{"line":302,"column":null}},"line":273},"18":{"name":"parseFormula","decl":{"start":{"line":304,"column":16},"end":{"line":304,"column":29}},"loc":{"start":{"line":304,"column":79},"end":{"line":326,"column":null}},"line":304}},"branchMap":{"0":{"loc":{"start":{"line":37,"column":4},"end":{"line":37,"column":null}},"type":"if","locations":[{"start":{"line":37,"column":4},"end":{"line":37,"column":null}},{"start":{},"end":{}}],"line":37},"1":{"loc":{"start":{"line":42,"column":4},"end":{"line":42,"column":null}},"type":"if","locations":[{"start":{"line":42,"column":4},"end":{"line":42,"column":null}},{"start":{},"end":{}}],"line":42},"2":{"loc":{"start":{"line":51,"column":11},"end":{"line":51,"column":51}},"type":"binary-expr","locations":[{"start":{"line":51,"column":11},"end":{"line":51,"column":26}},{"start":{"line":51,"column":26},"end":{"line":51,"column":51}}],"line":51},"3":{"loc":{"start":{"line":61,"column":4},"end":{"line":63,"column":null}},"type":"if","locations":[{"start":{"line":61,"column":4},"end":{"line":63,"column":null}},{"start":{},"end":{}}],"line":61},"4":{"loc":{"start":{"line":65,"column":4},"end":{"line":68,"column":null}},"type":"if","locations":[{"start":{"line":65,"column":4},"end":{"line":68,"column":null}},{"start":{},"end":{}}],"line":65},"5":{"loc":{"start":{"line":70,"column":4},"end":{"line":73,"column":null}},"type":"if","locations":[{"start":{"line":70,"column":4},"end":{"line":73,"column":null}},{"start":{},"end":{}}],"line":70},"6":{"loc":{"start":{"line":75,"column":4},"end":{"line":78,"column":null}},"type":"if","locations":[{"start":{"line":75,"column":4},"end":{"line":78,"column":null}},{"start":{},"end":{}}],"line":75},"7":{"loc":{"start":{"line":80,"column":4},"end":{"line":83,"column":null}},"type":"if","locations":[{"start":{"line":80,"column":4},"end":{"line":83,"column":null}},{"start":{},"end":{}}],"line":80},"8":{"loc":{"start":{"line":85,"column":4},"end":{"line":88,"column":null}},"type":"if","locations":[{"start":{"line":85,"column":4},"end":{"line":88,"column":null}},{"start":{},"end":{}}],"line":85},"9":{"loc":{"start":{"line":90,"column":4},"end":{"line":94,"column":null}},"type":"if","locations":[{"start":{"line":90,"column":4},"end":{"line":94,"column":null}},{"start":{},"end":{}}],"line":90},"10":{"loc":{"start":{"line":90,"column":8},"end":{"line":90,"column":47}},"type":"binary-expr","locations":[{"start":{"line":90,"column":8},"end":{"line":90,"column":22}},{"start":{"line":90,"column":22},"end":{"line":90,"column":47}}],"line":90},"11":{"loc":{"start":{"line":96,"column":4},"end":{"line":104,"column":null}},"type":"if","locations":[{"start":{"line":96,"column":4},"end":{"line":104,"column":null}},{"start":{},"end":{}}],"line":96},"12":{"loc":{"start":{"line":96,"column":8},"end":{"line":96,"column":47}},"type":"binary-expr","locations":[{"start":{"line":96,"column":8},"end":{"line":96,"column":22}},{"start":{"line":96,"column":22},"end":{"line":96,"column":47}}],"line":96},"13":{"loc":{"start":{"line":98,"column":6},"end":{"line":103,"column":null}},"type":"if","locations":[{"start":{"line":98,"column":6},"end":{"line":103,"column":null}},{"start":{},"end":{}}],"line":98},"14":{"loc":{"start":{"line":98,"column":10},"end":{"line":98,"column":80}},"type":"binary-expr","locations":[{"start":{"line":98,"column":10},"end":{"line":98,"column":46}},{"start":{"line":98,"column":46},"end":{"line":98,"column":80}}],"line":98},"15":{"loc":{"start":{"line":106,"column":4},"end":{"line":109,"column":null}},"type":"if","locations":[{"start":{"line":106,"column":4},"end":{"line":109,"column":null}},{"start":{},"end":{}}],"line":106},"16":{"loc":{"start":{"line":111,"column":4},"end":{"line":114,"column":null}},"type":"if","locations":[{"start":{"line":111,"column":4},"end":{"line":114,"column":null}},{"start":{},"end":{}}],"line":111},"17":{"loc":{"start":{"line":117,"column":4},"end":{"line":124,"column":null}},"type":"if","locations":[{"start":{"line":117,"column":4},"end":{"line":124,"column":null}},{"start":{},"end":{}}],"line":117},"18":{"loc":{"start":{"line":119,"column":13},"end":{"line":119,"column":63}},"type":"binary-expr","locations":[{"start":{"line":119,"column":13},"end":{"line":119,"column":28}},{"start":{"line":119,"column":28},"end":{"line":119,"column":63}}],"line":119},"19":{"loc":{"start":{"line":140,"column":4},"end":{"line":142,"column":null}},"type":"if","locations":[{"start":{"line":140,"column":4},"end":{"line":142,"column":null}},{"start":{},"end":{}}],"line":140},"20":{"loc":{"start":{"line":152,"column":4},"end":{"line":154,"column":null}},"type":"if","locations":[{"start":{"line":152,"column":4},"end":{"line":154,"column":null}},{"start":{},"end":{}}],"line":152},"21":{"loc":{"start":{"line":161,"column":4},"end":{"line":163,"column":null}},"type":"if","locations":[{"start":{"line":161,"column":4},"end":{"line":163,"column":null}},{"start":{},"end":{}}],"line":161},"22":{"loc":{"start":{"line":232,"column":4},"end":{"line":239,"column":null}},"type":"if","locations":[{"start":{"line":232,"column":4},"end":{"line":239,"column":null}},{"start":{},"end":{}}],"line":232},"23":{"loc":{"start":{"line":247,"column":4},"end":{"line":250,"column":null}},"type":"if","locations":[{"start":{"line":247,"column":4},"end":{"line":250,"column":null}},{"start":{},"end":{}}],"line":247},"24":{"loc":{"start":{"line":252,"column":4},"end":{"line":255,"column":null}},"type":"if","locations":[{"start":{"line":252,"column":4},"end":{"line":255,"column":null}},{"start":{},"end":{}}],"line":252},"25":{"loc":{"start":{"line":257,"column":4},"end":{"line":260,"column":null}},"type":"if","locations":[{"start":{"line":257,"column":4},"end":{"line":260,"column":null}},{"start":{},"end":{}}],"line":257},"26":{"loc":{"start":{"line":262,"column":4},"end":{"line":267,"column":null}},"type":"if","locations":[{"start":{"line":262,"column":4},"end":{"line":267,"column":null}},{"start":{},"end":{}}],"line":262},"27":{"loc":{"start":{"line":274,"column":2},"end":{"line":301,"column":null}},"type":"switch","locations":[{"start":{"line":275,"column":4},"end":{"line":276,"column":null}},{"start":{"line":278,"column":4},"end":{"line":279,"column":null}},{"start":{"line":281,"column":4},"end":{"line":282,"column":null}},{"start":{"line":284,"column":4},"end":{"line":285,"column":null}},{"start":{"line":287,"column":4},"end":{"line":288,"column":null}},{"start":{"line":290,"column":4},"end":{"line":291,"column":null}},{"start":{"line":293,"column":4},"end":{"line":294,"column":null}},{"start":{"line":296,"column":4},"end":{"line":297,"column":null}},{"start":{"line":299,"column":4},"end":{"line":300,"column":null}}],"line":274},"28":{"loc":{"start":{"line":323,"column":13},"end":{"line":323,"column":null}},"type":"cond-expr","locations":[{"start":{"line":323,"column":38},"end":{"line":323,"column":54}},{"start":{"line":323,"column":54},"end":{"line":323,"column":null}}],"line":323}},"s":{"0":50,"1":50,"2":1542,"3":125,"4":1417,"5":20,"6":0,"7":20,"8":389,"9":269,"10":122,"11":269,"12":269,"13":269,"14":47,"15":222,"16":20,"17":20,"18":202,"19":20,"20":20,"21":182,"22":29,"23":29,"24":153,"25":12,"26":12,"27":141,"28":12,"29":12,"30":129,"31":15,"32":15,"33":15,"34":114,"35":5,"36":5,"37":5,"38":5,"39":5,"40":109,"41":3,"42":3,"43":106,"44":3,"45":3,"46":103,"47":100,"48":100,"49":123,"50":123,"51":100,"52":3,"53":47,"54":47,"55":693,"56":0,"57":693,"58":214,"59":20,"60":20,"61":1,"62":19,"63":19,"64":47,"65":47,"66":1,"67":41,"68":67,"69":67,"70":5,"71":5,"72":5,"73":62,"74":72,"75":72,"76":15,"77":15,"78":15,"79":67,"80":87,"81":87,"82":12,"83":12,"84":12,"85":82,"86":99,"87":99,"88":28,"89":28,"90":28,"91":94,"92":139,"93":12,"94":12,"95":12,"96":127,"97":127,"98":127,"99":3,"100":3,"101":124,"102":3,"103":3,"104":121,"105":97,"106":97,"107":24,"108":20,"109":20,"110":20,"111":20,"112":4,"113":164,"114":91,"115":3,"116":3,"117":11,"118":24,"119":12,"120":15,"121":5,"122":0,"123":50,"124":50,"125":50,"126":50,"127":269,"128":269,"129":47,"130":47,"131":47,"132":47,"133":9},"f":{"0":50,"1":1542,"2":20,"3":389,"4":269,"5":269,"6":47,"7":693,"8":214,"9":20,"10":47,"11":67,"12":72,"13":87,"14":99,"15":139,"16":127,"17":164,"18":50},"b":{"0":[125,1417],"1":[0,20],"2":[269,344],"3":[47,222],"4":[20,202],"5":[20,182],"6":[29,153],"7":[12,141],"8":[12,129],"9":[15,114],"10":[129,15],"11":[5,109],"12":[114,5],"13":[5,0],"14":[5,5],"15":[3,106],"16":[3,103],"17":[100,3],"18":[100,192],"19":[0,693],"20":[1,19],"21":[1,46],"22":[12,127],"23":[3,124],"24":[3,121],"25":[97,24],"26":[20,4],"27":[91,3,3,11,24,12,15,5,0],"28":[9,0]},"meta":{"lastBranch":29,"lastFunction":19,"lastStatement":134,"seen":{"f:31:2:31:14":0,"s:32:4:32:Infinity":0,"s:33:4:33:Infinity":1,"f:36:10:36:32":1,"b:37:4:37:Infinity:undefined:undefined:undefined:undefined":0,"s:37:4:37:Infinity":2,"s:37:39:37:Infinity":3,"s:38:4:38:Infinity":4,"f:41:10:41:35":2,"b:42:4:42:Infinity:undefined:undefined:undefined:undefined":1,"s:42:4:42:Infinity":5,"s:42:43:42:Infinity":6,"s:43:4:43:Infinity":7,"f:46:10:46:26":3,"s:47:4:47:Infinity":8,"f:50:10:50:33":4,"s:51:4:53:Infinity":9,"b:51:11:51:26:51:26:51:51":2,"s:52:6:52:Infinity":10,"f:56:2:56:21":5,"s:57:4:57:Infinity":11,"s:59:15:59:Infinity":12,"b:61:4:63:Infinity:undefined:undefined:undefined:undefined":3,"s:61:4:63:Infinity":13,"s:62:6:62:Infinity":14,"b:65:4:68:Infinity:undefined:undefined:undefined:undefined":4,"s:65:4:68:Infinity":15,"s:66:6:66:Infinity":16,"s:67:6:67:Infinity":17,"b:70:4:73:Infinity:undefined:undefined:undefined:undefined":5,"s:70:4:73:Infinity":18,"s:71:6:71:Infinity":19,"s:72:6:72:Infinity":20,"b:75:4:78:Infinity:undefined:undefined:undefined:undefined":6,"s:75:4:78:Infinity":21,"s:76:6:76:Infinity":22,"s:77:6:77:Infinity":23,"b:80:4:83:Infinity:undefined:undefined:undefined:undefined":7,"s:80:4:83:Infinity":24,"s:81:6:81:Infinity":25,"s:82:6:82:Infinity":26,"b:85:4:88:Infinity:undefined:undefined:undefined:undefined":8,"s:85:4:88:Infinity":27,"s:86:6:86:Infinity":28,"s:87:6:87:Infinity":29,"b:90:4:94:Infinity:undefined:undefined:undefined:undefined":9,"s:90:4:94:Infinity":30,"b:90:8:90:22:90:22:90:47":10,"s:91:6:91:Infinity":31,"s:92:6:92:Infinity":32,"s:93:6:93:Infinity":33,"b:96:4:104:Infinity:undefined:undefined:undefined:undefined":11,"s:96:4:104:Infinity":34,"b:96:8:96:22:96:22:96:47":12,"b:98:6:103:Infinity:undefined:undefined:undefined:undefined":13,"s:98:6:103:Infinity":35,"b:98:10:98:46:98:46:98:80":14,"s:99:8:99:Infinity":36,"s:100:8:100:Infinity":37,"s:101:8:101:Infinity":38,"s:102:8:102:Infinity":39,"b:106:4:109:Infinity:undefined:undefined:undefined:undefined":15,"s:106:4:109:Infinity":40,"s:107:6:107:Infinity":41,"s:108:6:108:Infinity":42,"b:111:4:114:Infinity:undefined:undefined:undefined:undefined":16,"s:111:4:114:Infinity":43,"s:112:6:112:Infinity":44,"s:113:6:113:Infinity":45,"b:117:4:124:Infinity:undefined:undefined:undefined:undefined":17,"s:117:4:124:Infinity":46,"s:118:21:118:Infinity":47,"s:119:6:122:Infinity":48,"b:119:13:119:28:119:28:119:63":18,"s:120:8:120:Infinity":49,"s:121:8:121:Infinity":50,"s:123:6:123:Infinity":51,"s:126:4:126:Infinity":52,"f:134:2:134:14":6,"s:135:4:135:Infinity":53,"s:136:4:136:Infinity":54,"f:139:10:139:27":7,"b:140:4:142:Infinity:undefined:undefined:undefined:undefined":19,"s:140:4:142:Infinity":55,"s:141:6:141:Infinity":56,"s:143:4:143:Infinity":57,"f:146:10:146:26":8,"s:147:4:147:Infinity":58,"f:150:10:150:17":9,"s:151:18:151:Infinity":59,"b:152:4:154:Infinity:undefined:undefined:undefined:undefined":20,"s:152:4:154:Infinity":60,"s:153:6:153:Infinity":61,"s:155:4:155:Infinity":62,"s:156:4:156:Infinity":63,"f:159:2:159:19":10,"s:160:20:160:Infinity":64,"b:161:4:163:Infinity:undefined:undefined:undefined:undefined":21,"s:161:4:163:Infinity":65,"s:162:6:162:Infinity":66,"s:164:4:164:Infinity":67,"f:167:10:167:30":11,"s:168:15:168:Infinity":68,"s:170:4:178:Infinity":69,"s:171:6:171:Infinity":70,"s:172:20:172:Infinity":71,"s:173:6:177:Infinity":72,"s:180:4:180:Infinity":73,"f:183:10:183:34":12,"s:184:15:184:Infinity":74,"s:186:4:194:Infinity":75,"s:187:6:187:Infinity":76,"s:188:20:188:Infinity":77,"s:189:6:193:Infinity":78,"s:196:4:196:Infinity":79,"f:199:10:199:29":13,"s:200:15:200:Infinity":80,"s:202:4:210:Infinity":81,"s:203:6:203:Infinity":82,"s:204:20:204:Infinity":83,"s:205:6:209:Infinity":84,"s:212:4:212:Infinity":85,"f:215:10:215:30":14,"s:216:15:216:Infinity":86,"s:218:4:226:Infinity":87,"s:219:6:219:Infinity":88,"s:220:20:220:Infinity":89,"s:221:6:225:Infinity":90,"s:228:4:228:Infinity":91,"f:231:10:231:30":15,"b:232:4:239:Infinity:undefined:undefined:undefined:undefined":22,"s:232:4:239:Infinity":92,"s:233:6:233:Infinity":93,"s:234:22:234:Infinity":94,"s:235:6:238:Infinity":95,"s:241:4:241:Infinity":96,"f:244:10:244:34":16,"s:245:18:245:Infinity":97,"b:247:4:250:Infinity:undefined:undefined:undefined:undefined":23,"s:247:4:250:Infinity":98,"s:248:6:248:Infinity":99,"s:249:6:249:Infinity":100,"b:252:4:255:Infinity:undefined:undefined:undefined:undefined":24,"s:252:4:255:Infinity":101,"s:253:6:253:Infinity":102,"s:254:6:254:Infinity":103,"b:257:4:260:Infinity:undefined:undefined:undefined:undefined":25,"s:257:4:260:Infinity":104,"s:258:6:258:Infinity":105,"s:259:6:259:Infinity":106,"b:262:4:267:Infinity:undefined:undefined:undefined:undefined":26,"s:262:4:267:Infinity":107,"s:263:6:263:Infinity":108,"s:264:22:264:Infinity":109,"s:265:6:265:Infinity":110,"s:266:6:266:Infinity":111,"s:269:4:269:Infinity":112,"f:273:9:273:24":17,"b:275:4:276:Infinity:278:4:279:Infinity:281:4:282:Infinity:284:4:285:Infinity:287:4:288:Infinity:290:4:291:Infinity:293:4:294:Infinity:296:4:297:Infinity:299:4:300:Infinity":27,"s:274:2:301:Infinity":113,"s:276:6:276:Infinity":114,"s:279:6:279:Infinity":115,"s:282:6:282:Infinity":116,"s:285:6:285:Infinity":117,"s:288:6:288:Infinity":118,"s:291:6:291:Infinity":119,"s:294:6:294:Infinity":120,"s:297:6:297:Infinity":121,"s:300:6:300:Infinity":122,"f:304:16:304:29":18,"s:305:2:325:Infinity":123,"s:306:22:306:Infinity":124,"s:307:28:307:Infinity":125,"s:310:4:313:Infinity":126,"s:311:6:311:Infinity":127,"s:312:6:312:Infinity":128,"s:315:19:315:Infinity":129,"s:316:20:316:Infinity":130,"s:317:18:317:Infinity":131,"s:319:4:319:Infinity":132,"s:321:4:324:Infinity":133,"b:323:38:323:54:323:54:323:Infinity":28}}}
}
